[2022-11-29T18:35:16.036] [DEBUG] cheese - login => username:zs,password:123456
[2022-11-29T18:35:16.038] [DEBUG] cheese - zs
[2022-11-29T18:35:16.051] [DEBUG] cheese - null
[2022-11-29T18:35:16.051] [DEBUG] cheese - null
[2022-11-29T18:35:55.246] [DEBUG] cheese - login => username:admin,password:123456
[2022-11-29T18:35:55.246] [DEBUG] cheese - admin
[2022-11-29T18:35:55.250] [DEBUG] cheese - null
[2022-11-29T18:35:55.250] [DEBUG] cheese - null
[2022-11-30T17:52:04.132] [DEBUG] cheese - login => username:zs,password:123456
[2022-11-30T17:52:04.133] [DEBUG] cheese - zs
[2022-11-30T17:52:04.152] [DEBUG] cheese - null
[2022-11-30T17:52:04.152] [DEBUG] cheese - null
[2022-11-30T17:53:44.237] [DEBUG] cheese - login => username:za,password:123456
[2022-11-30T17:53:44.237] [DEBUG] cheese - za
[2022-11-30T17:53:44.239] [DEBUG] cheese - null
[2022-11-30T17:53:44.240] [DEBUG] cheese - null
[2022-11-30T17:54:08.958] [DEBUG] cheese - login => username:zs,password:123456
[2022-11-30T17:54:08.958] [DEBUG] cheese - zs
[2022-11-30T17:54:08.960] [DEBUG] cheese - null
[2022-11-30T17:54:08.960] [DEBUG] cheese - null
[2022-11-30T17:56:35.890] [DEBUG] cheese - login => username:ds,password:123456
[2022-11-30T17:56:35.890] [DEBUG] cheese - ds
[2022-11-30T17:56:35.892] [DEBUG] cheese - null
[2022-11-30T17:56:35.892] [DEBUG] cheese - null
[2022-11-30T17:56:44.597] [DEBUG] cheese - login => username:ds,password:123456
[2022-11-30T17:56:44.597] [DEBUG] cheese - ds
[2022-11-30T17:56:44.600] [DEBUG] cheese - null
[2022-11-30T17:56:44.600] [DEBUG] cheese - null
[2022-11-30T17:57:14.950] [DEBUG] cheese - login => username:22,password:112344
[2022-11-30T17:57:14.950] [DEBUG] cheese - 22
[2022-11-30T17:57:14.951] [DEBUG] cheese - null
[2022-11-30T17:57:14.951] [DEBUG] cheese - null
[2022-11-30T18:03:24.483] [DEBUG] cheese - login => username:sw,password:123111
[2022-11-30T18:03:24.484] [DEBUG] cheese - sw
[2022-11-30T18:03:24.485] [DEBUG] cheese - null
[2022-11-30T18:03:24.485] [DEBUG] cheese - null
[2022-11-30T18:06:11.881] [DEBUG] cheese - login => username:22,password:111111
[2022-11-30T18:06:11.881] [DEBUG] cheese - 22
[2022-11-30T18:06:11.882] [DEBUG] cheese - null
[2022-11-30T18:06:11.883] [DEBUG] cheese - null
[2022-11-30T18:10:21.195] [DEBUG] cheese - login => username:admin,password:123456
[2022-11-30T18:10:21.195] [DEBUG] cheese - admin
[2022-11-30T18:10:21.199] [DEBUG] cheese - null
[2022-11-30T18:10:21.199] [DEBUG] cheese - null
[2022-11-30T18:15:05.679] [DEBUG] cheese - login => username:admin,password:123456
[2022-11-30T18:15:05.679] [DEBUG] cheese - admin
[2022-11-30T18:15:05.681] [DEBUG] cheese - null
[2022-11-30T18:15:05.681] [DEBUG] cheese - null
[2022-11-30T18:22:09.901] [DEBUG] cheese - login => username:admin,password:123456
[2022-11-30T18:22:09.901] [DEBUG] cheese - admin
[2022-11-30T18:22:09.903] [DEBUG] cheese - null
[2022-11-30T18:22:09.903] [DEBUG] cheese - null
[2022-11-30T18:23:01.445] [DEBUG] cheese - login => username:admin,password:123456
[2022-11-30T18:23:01.445] [DEBUG] cheese - admin
[2022-11-30T18:23:01.447] [DEBUG] cheese - null
[2022-11-30T18:23:01.447] [DEBUG] cheese - null
[2022-11-30T18:24:18.900] [DEBUG] cheese - login => username:admin,password:123456
[2022-11-30T18:24:18.901] [DEBUG] cheese - admin
[2022-11-30T18:24:18.902] [DEBUG] cheese - null
[2022-11-30T18:24:18.902] [DEBUG] cheese - null
[2022-11-30T18:24:43.143] [DEBUG] cheese - login => username:admin,password:123456
[2022-11-30T18:24:43.144] [DEBUG] cheese - admin
[2022-11-30T18:24:43.154] [DEBUG] cheese - null
[2022-11-30T18:24:43.154] [DEBUG] cheese - null
[2022-11-30T18:26:29.557] [DEBUG] cheese - login => username:admin,password:123456
[2022-11-30T18:26:29.558] [DEBUG] cheese - admin
[2022-11-30T18:26:29.560] [DEBUG] cheese - null
[2022-11-30T18:26:29.560] [DEBUG] cheese - null
[2022-11-30T18:27:36.725] [DEBUG] cheese - login => username:admin,password:123456
[2022-11-30T18:27:36.725] [DEBUG] cheese - admin
[2022-11-30T18:27:36.727] [DEBUG] cheese - null
[2022-11-30T18:27:36.728] [DEBUG] cheese - null
[2022-11-30T18:28:22.157] [DEBUG] cheese - login => username:admin,password:123456
[2022-11-30T18:28:22.157] [DEBUG] cheese - admin
[2022-11-30T18:28:22.159] [DEBUG] cheese - null
[2022-11-30T18:28:22.159] [DEBUG] cheese - null
[2022-11-30T18:28:43.260] [DEBUG] cheese - login => username:admin,password:123456
[2022-11-30T18:28:43.260] [DEBUG] cheese - admin
[2022-11-30T18:28:43.262] [DEBUG] cheese - null
[2022-11-30T18:28:43.263] [DEBUG] cheese - null
[2022-11-30T18:31:23.691] [DEBUG] cheese - login => username:admin,password:123456
[2022-11-30T18:31:23.691] [DEBUG] cheese - admin
[2022-11-30T18:31:23.694] [DEBUG] cheese - null
[2022-11-30T18:31:23.694] [DEBUG] cheese - null
[2022-12-01T14:46:35.890] [DEBUG] cheese - login => username:admin,password:123456
[2022-12-01T14:46:35.891] [DEBUG] cheese - admin
[2022-12-01T14:46:35.904] [DEBUG] cheese - null
[2022-12-01T14:46:35.905] [DEBUG] cheese - null
[2022-12-01T15:40:44.672] [DEBUG] cheese - login => username:admin,password:123456
[2022-12-01T15:40:44.673] [DEBUG] cheese - admin
[2022-12-01T15:40:44.675] [DEBUG] cheese - null
[2022-12-01T15:40:44.676] [DEBUG] cheese - null
[2022-12-01T18:15:08.719] [DEBUG] cheese - login => username:admin,password:123456
[2022-12-01T18:15:08.719] [DEBUG] cheese - admin
[2022-12-01T18:15:08.721] [DEBUG] cheese - null
[2022-12-01T18:15:08.721] [DEBUG] cheese - null
[2022-12-01T18:16:20.926] [DEBUG] cheese - login => username:admin,password:123456
[2022-12-01T18:16:20.926] [DEBUG] cheese - admin
[2022-12-01T18:16:20.928] [DEBUG] cheese - null
[2022-12-01T18:16:20.928] [DEBUG] cheese - null
